CRITICAL - 2022-05-29 01:19:29 --> Undefined property: App\Controllers\Home::$load
#0 /home/ezzycreative/workspace/php/ezzycreative-web/app/Controllers/Home.php(10): CodeIgniter\Debug\Exceptions->errorHandler()
#1 /home/ezzycreative/workspace/php/ezzycreative-web/vendor/codeigniter4/framework/system/CodeIgniter.php(832): App\Controllers\Home->index()
#2 /home/ezzycreative/workspace/php/ezzycreative-web/vendor/codeigniter4/framework/system/CodeIgniter.php(419): CodeIgniter\CodeIgniter->runController()
#3 /home/ezzycreative/workspace/php/ezzycreative-web/vendor/codeigniter4/framework/system/CodeIgniter.php(326): CodeIgniter\CodeIgniter->handleRequest()
#4 /home/ezzycreative/workspace/php/ezzycreative-web/public/index.php(37): CodeIgniter\CodeIgniter->run()
#5 /home/ezzycreative/workspace/php/ezzycreative-web/vendor/codeigniter4/framework/system/Commands/Server/rewrite.php(43): require_once('...')
#6 {main}
CRITICAL - 2022-05-29 01:19:32 --> Undefined property: App\Controllers\Home::$load
#0 /home/ezzycreative/workspace/php/ezzycreative-web/app/Controllers/Home.php(10): CodeIgniter\Debug\Exceptions->errorHandler()
#1 /home/ezzycreative/workspace/php/ezzycreative-web/vendor/codeigniter4/framework/system/CodeIgniter.php(832): App\Controllers\Home->index()
#2 /home/ezzycreative/workspace/php/ezzycreative-web/vendor/codeigniter4/framework/system/CodeIgniter.php(419): CodeIgniter\CodeIgniter->runController()
#3 /home/ezzycreative/workspace/php/ezzycreative-web/vendor/codeigniter4/framework/system/CodeIgniter.php(326): CodeIgniter\CodeIgniter->handleRequest()
#4 /home/ezzycreative/workspace/php/ezzycreative-web/public/index.php(37): CodeIgniter\CodeIgniter->run()
#5 /home/ezzycreative/workspace/php/ezzycreative-web/vendor/codeigniter4/framework/system/Commands/Server/rewrite.php(43): require_once('...')
#6 {main}
CRITICAL - 2022-05-29 01:21:34 --> Undefined property: App\Controllers\Home::$load
#0 /home/ezzycreative/workspace/php/ezzycreative-web/app/Controllers/Home.php(10): CodeIgniter\Debug\Exceptions->errorHandler()
#1 /home/ezzycreative/workspace/php/ezzycreative-web/vendor/codeigniter4/framework/system/CodeIgniter.php(832): App\Controllers\Home->index()
#2 /home/ezzycreative/workspace/php/ezzycreative-web/vendor/codeigniter4/framework/system/CodeIgniter.php(419): CodeIgniter\CodeIgniter->runController()
#3 /home/ezzycreative/workspace/php/ezzycreative-web/vendor/codeigniter4/framework/system/CodeIgniter.php(326): CodeIgniter\CodeIgniter->handleRequest()
#4 /home/ezzycreative/workspace/php/ezzycreative-web/public/index.php(37): CodeIgniter\CodeIgniter->run()
#5 /home/ezzycreative/workspace/php/ezzycreative-web/vendor/codeigniter4/framework/system/Commands/Server/rewrite.php(43): require_once('...')
#6 {main}
CRITICAL - 2022-05-29 01:26:14 --> Undefined property: App\Controllers\Home::$load
#0 /home/ezzycreative/workspace/php/ezzycreative-web/app/Controllers/Home.php(10): CodeIgniter\Debug\Exceptions->errorHandler()
#1 /home/ezzycreative/workspace/php/ezzycreative-web/vendor/codeigniter4/framework/system/CodeIgniter.php(832): App\Controllers\Home->index()
#2 /home/ezzycreative/workspace/php/ezzycreative-web/vendor/codeigniter4/framework/system/CodeIgniter.php(419): CodeIgniter\CodeIgniter->runController()
#3 /home/ezzycreative/workspace/php/ezzycreative-web/vendor/codeigniter4/framework/system/CodeIgniter.php(326): CodeIgniter\CodeIgniter->handleRequest()
#4 /home/ezzycreative/workspace/php/ezzycreative-web/public/index.php(37): CodeIgniter\CodeIgniter->run()
#5 /home/ezzycreative/workspace/php/ezzycreative-web/vendor/codeigniter4/framework/system/Commands/Server/rewrite.php(43): require_once('...')
#6 {main}
CRITICAL - 2022-05-29 01:26:16 --> Undefined property: App\Controllers\Home::$load
#0 /home/ezzycreative/workspace/php/ezzycreative-web/app/Controllers/Home.php(10): CodeIgniter\Debug\Exceptions->errorHandler()
#1 /home/ezzycreative/workspace/php/ezzycreative-web/vendor/codeigniter4/framework/system/CodeIgniter.php(832): App\Controllers\Home->index()
#2 /home/ezzycreative/workspace/php/ezzycreative-web/vendor/codeigniter4/framework/system/CodeIgniter.php(419): CodeIgniter\CodeIgniter->runController()
#3 /home/ezzycreative/workspace/php/ezzycreative-web/vendor/codeigniter4/framework/system/CodeIgniter.php(326): CodeIgniter\CodeIgniter->handleRequest()
#4 /home/ezzycreative/workspace/php/ezzycreative-web/public/index.php(37): CodeIgniter\CodeIgniter->run()
#5 /home/ezzycreative/workspace/php/ezzycreative-web/vendor/codeigniter4/framework/system/Commands/Server/rewrite.php(43): require_once('...')
#6 {main}
CRITICAL - 2022-05-29 01:26:16 --> Undefined property: App\Controllers\Home::$load
#0 /home/ezzycreative/workspace/php/ezzycreative-web/app/Controllers/Home.php(10): CodeIgniter\Debug\Exceptions->errorHandler()
#1 /home/ezzycreative/workspace/php/ezzycreative-web/vendor/codeigniter4/framework/system/CodeIgniter.php(832): App\Controllers\Home->index()
#2 /home/ezzycreative/workspace/php/ezzycreative-web/vendor/codeigniter4/framework/system/CodeIgniter.php(419): CodeIgniter\CodeIgniter->runController()
#3 /home/ezzycreative/workspace/php/ezzycreative-web/vendor/codeigniter4/framework/system/CodeIgniter.php(326): CodeIgniter\CodeIgniter->handleRequest()
#4 /home/ezzycreative/workspace/php/ezzycreative-web/public/index.php(37): CodeIgniter\CodeIgniter->run()
#5 /home/ezzycreative/workspace/php/ezzycreative-web/vendor/codeigniter4/framework/system/Commands/Server/rewrite.php(43): require_once('...')
#6 {main}
CRITICAL - 2022-05-29 01:30:51 --> Undefined property: App\Controllers\Home::$load
#0 /home/ezzycreative/workspace/php/ezzycreative-web/app/Controllers/Home.php(10): CodeIgniter\Debug\Exceptions->errorHandler()
#1 /home/ezzycreative/workspace/php/ezzycreative-web/vendor/codeigniter4/framework/system/CodeIgniter.php(832): App\Controllers\Home->index()
#2 /home/ezzycreative/workspace/php/ezzycreative-web/vendor/codeigniter4/framework/system/CodeIgniter.php(419): CodeIgniter\CodeIgniter->runController()
#3 /home/ezzycreative/workspace/php/ezzycreative-web/vendor/codeigniter4/framework/system/CodeIgniter.php(326): CodeIgniter\CodeIgniter->handleRequest()
#4 /home/ezzycreative/workspace/php/ezzycreative-web/public/index.php(37): CodeIgniter\CodeIgniter->run()
#5 /home/ezzycreative/workspace/php/ezzycreative-web/vendor/codeigniter4/framework/system/Commands/Server/rewrite.php(43): require_once('...')
#6 {main}
CRITICAL - 2022-05-29 01:30:54 --> Undefined property: App\Controllers\Home::$load
#0 /home/ezzycreative/workspace/php/ezzycreative-web/app/Controllers/Home.php(10): CodeIgniter\Debug\Exceptions->errorHandler()
#1 /home/ezzycreative/workspace/php/ezzycreative-web/vendor/codeigniter4/framework/system/CodeIgniter.php(832): App\Controllers\Home->index()
#2 /home/ezzycreative/workspace/php/ezzycreative-web/vendor/codeigniter4/framework/system/CodeIgniter.php(419): CodeIgniter\CodeIgniter->runController()
#3 /home/ezzycreative/workspace/php/ezzycreative-web/vendor/codeigniter4/framework/system/CodeIgniter.php(326): CodeIgniter\CodeIgniter->handleRequest()
#4 /home/ezzycreative/workspace/php/ezzycreative-web/public/index.php(37): CodeIgniter\CodeIgniter->run()
#5 /home/ezzycreative/workspace/php/ezzycreative-web/vendor/codeigniter4/framework/system/Commands/Server/rewrite.php(43): require_once('...')
#6 {main}
CRITICAL - 2022-05-29 01:30:54 --> Undefined property: App\Controllers\Home::$load
#0 /home/ezzycreative/workspace/php/ezzycreative-web/app/Controllers/Home.php(10): CodeIgniter\Debug\Exceptions->errorHandler()
#1 /home/ezzycreative/workspace/php/ezzycreative-web/vendor/codeigniter4/framework/system/CodeIgniter.php(832): App\Controllers\Home->index()
#2 /home/ezzycreative/workspace/php/ezzycreative-web/vendor/codeigniter4/framework/system/CodeIgniter.php(419): CodeIgniter\CodeIgniter->runController()
#3 /home/ezzycreative/workspace/php/ezzycreative-web/vendor/codeigniter4/framework/system/CodeIgniter.php(326): CodeIgniter\CodeIgniter->handleRequest()
#4 /home/ezzycreative/workspace/php/ezzycreative-web/public/index.php(37): CodeIgniter\CodeIgniter->run()
#5 /home/ezzycreative/workspace/php/ezzycreative-web/vendor/codeigniter4/framework/system/Commands/Server/rewrite.php(43): require_once('...')
#6 {main}
CRITICAL - 2022-05-29 01:30:54 --> Undefined property: App\Controllers\Home::$load
#0 /home/ezzycreative/workspace/php/ezzycreative-web/app/Controllers/Home.php(10): CodeIgniter\Debug\Exceptions->errorHandler()
#1 /home/ezzycreative/workspace/php/ezzycreative-web/vendor/codeigniter4/framework/system/CodeIgniter.php(832): App\Controllers\Home->index()
#2 /home/ezzycreative/workspace/php/ezzycreative-web/vendor/codeigniter4/framework/system/CodeIgniter.php(419): CodeIgniter\CodeIgniter->runController()
#3 /home/ezzycreative/workspace/php/ezzycreative-web/vendor/codeigniter4/framework/system/CodeIgniter.php(326): CodeIgniter\CodeIgniter->handleRequest()
#4 /home/ezzycreative/workspace/php/ezzycreative-web/public/index.php(37): CodeIgniter\CodeIgniter->run()
#5 /home/ezzycreative/workspace/php/ezzycreative-web/vendor/codeigniter4/framework/system/Commands/Server/rewrite.php(43): require_once('...')
#6 {main}
CRITICAL - 2022-05-29 01:30:55 --> Undefined property: App\Controllers\Home::$load
#0 /home/ezzycreative/workspace/php/ezzycreative-web/app/Controllers/Home.php(10): CodeIgniter\Debug\Exceptions->errorHandler()
#1 /home/ezzycreative/workspace/php/ezzycreative-web/vendor/codeigniter4/framework/system/CodeIgniter.php(832): App\Controllers\Home->index()
#2 /home/ezzycreative/workspace/php/ezzycreative-web/vendor/codeigniter4/framework/system/CodeIgniter.php(419): CodeIgniter\CodeIgniter->runController()
#3 /home/ezzycreative/workspace/php/ezzycreative-web/vendor/codeigniter4/framework/system/CodeIgniter.php(326): CodeIgniter\CodeIgniter->handleRequest()
#4 /home/ezzycreative/workspace/php/ezzycreative-web/public/index.php(37): CodeIgniter\CodeIgniter->run()
#5 /home/ezzycreative/workspace/php/ezzycreative-web/vendor/codeigniter4/framework/system/Commands/Server/rewrite.php(43): require_once('...')
#6 {main}
CRITICAL - 2022-05-29 01:30:55 --> Undefined property: App\Controllers\Home::$load
#0 /home/ezzycreative/workspace/php/ezzycreative-web/app/Controllers/Home.php(10): CodeIgniter\Debug\Exceptions->errorHandler()
#1 /home/ezzycreative/workspace/php/ezzycreative-web/vendor/codeigniter4/framework/system/CodeIgniter.php(832): App\Controllers\Home->index()
#2 /home/ezzycreative/workspace/php/ezzycreative-web/vendor/codeigniter4/framework/system/CodeIgniter.php(419): CodeIgniter\CodeIgniter->runController()
#3 /home/ezzycreative/workspace/php/ezzycreative-web/vendor/codeigniter4/framework/system/CodeIgniter.php(326): CodeIgniter\CodeIgniter->handleRequest()
#4 /home/ezzycreative/workspace/php/ezzycreative-web/public/index.php(37): CodeIgniter\CodeIgniter->run()
#5 /home/ezzycreative/workspace/php/ezzycreative-web/vendor/codeigniter4/framework/system/Commands/Server/rewrite.php(43): require_once('...')
#6 {main}
CRITICAL - 2022-05-29 01:30:55 --> Undefined property: App\Controllers\Home::$load
#0 /home/ezzycreative/workspace/php/ezzycreative-web/app/Controllers/Home.php(10): CodeIgniter\Debug\Exceptions->errorHandler()
#1 /home/ezzycreative/workspace/php/ezzycreative-web/vendor/codeigniter4/framework/system/CodeIgniter.php(832): App\Controllers\Home->index()
#2 /home/ezzycreative/workspace/php/ezzycreative-web/vendor/codeigniter4/framework/system/CodeIgniter.php(419): CodeIgniter\CodeIgniter->runController()
#3 /home/ezzycreative/workspace/php/ezzycreative-web/vendor/codeigniter4/framework/system/CodeIgniter.php(326): CodeIgniter\CodeIgniter->handleRequest()
#4 /home/ezzycreative/workspace/php/ezzycreative-web/public/index.php(37): CodeIgniter\CodeIgniter->run()
#5 /home/ezzycreative/workspace/php/ezzycreative-web/vendor/codeigniter4/framework/system/Commands/Server/rewrite.php(43): require_once('...')
#6 {main}
CRITICAL - 2022-05-29 01:30:56 --> Undefined property: App\Controllers\Home::$load
#0 /home/ezzycreative/workspace/php/ezzycreative-web/app/Controllers/Home.php(10): CodeIgniter\Debug\Exceptions->errorHandler()
#1 /home/ezzycreative/workspace/php/ezzycreative-web/vendor/codeigniter4/framework/system/CodeIgniter.php(832): App\Controllers\Home->index()
#2 /home/ezzycreative/workspace/php/ezzycreative-web/vendor/codeigniter4/framework/system/CodeIgniter.php(419): CodeIgniter\CodeIgniter->runController()
#3 /home/ezzycreative/workspace/php/ezzycreative-web/vendor/codeigniter4/framework/system/CodeIgniter.php(326): CodeIgniter\CodeIgniter->handleRequest()
#4 /home/ezzycreative/workspace/php/ezzycreative-web/public/index.php(37): CodeIgniter\CodeIgniter->run()
#5 /home/ezzycreative/workspace/php/ezzycreative-web/vendor/codeigniter4/framework/system/Commands/Server/rewrite.php(43): require_once('...')
#6 {main}
CRITICAL - 2022-05-29 01:31:40 --> Undefined property: App\Controllers\Home::$load
#0 /home/ezzycreative/workspace/php/ezzycreative-web/app/Controllers/Home.php(10): CodeIgniter\Debug\Exceptions->errorHandler()
#1 /home/ezzycreative/workspace/php/ezzycreative-web/vendor/codeigniter4/framework/system/CodeIgniter.php(832): App\Controllers\Home->index()
#2 /home/ezzycreative/workspace/php/ezzycreative-web/vendor/codeigniter4/framework/system/CodeIgniter.php(419): CodeIgniter\CodeIgniter->runController()
#3 /home/ezzycreative/workspace/php/ezzycreative-web/vendor/codeigniter4/framework/system/CodeIgniter.php(326): CodeIgniter\CodeIgniter->handleRequest()
#4 /home/ezzycreative/workspace/php/ezzycreative-web/public/index.php(37): CodeIgniter\CodeIgniter->run()
#5 /home/ezzycreative/workspace/php/ezzycreative-web/vendor/codeigniter4/framework/system/Commands/Server/rewrite.php(43): require_once('...')
#6 {main}
CRITICAL - 2022-05-29 01:34:16 --> Undefined property: App\Controllers\Home::$load
#0 /home/ezzycreative/workspace/php/ezzycreative-web/app/Controllers/Home.php(10): CodeIgniter\Debug\Exceptions->errorHandler()
#1 /home/ezzycreative/workspace/php/ezzycreative-web/vendor/codeigniter4/framework/system/CodeIgniter.php(832): App\Controllers\Home->index()
#2 /home/ezzycreative/workspace/php/ezzycreative-web/vendor/codeigniter4/framework/system/CodeIgniter.php(419): CodeIgniter\CodeIgniter->runController()
#3 /home/ezzycreative/workspace/php/ezzycreative-web/vendor/codeigniter4/framework/system/CodeIgniter.php(326): CodeIgniter\CodeIgniter->handleRequest()
#4 /home/ezzycreative/workspace/php/ezzycreative-web/public/index.php(37): CodeIgniter\CodeIgniter->run()
#5 /home/ezzycreative/workspace/php/ezzycreative-web/vendor/codeigniter4/framework/system/Commands/Server/rewrite.php(43): require_once('...')
#6 {main}
CRITICAL - 2022-05-29 01:36:06 --> Undefined property: App\Controllers\Home::$load
#0 /home/ezzycreative/workspace/php/ezzycreative-web/app/Controllers/Home.php(10): CodeIgniter\Debug\Exceptions->errorHandler()
#1 /home/ezzycreative/workspace/php/ezzycreative-web/vendor/codeigniter4/framework/system/CodeIgniter.php(832): App\Controllers\Home->index()
#2 /home/ezzycreative/workspace/php/ezzycreative-web/vendor/codeigniter4/framework/system/CodeIgniter.php(419): CodeIgniter\CodeIgniter->runController()
#3 /home/ezzycreative/workspace/php/ezzycreative-web/vendor/codeigniter4/framework/system/CodeIgniter.php(326): CodeIgniter\CodeIgniter->handleRequest()
#4 /home/ezzycreative/workspace/php/ezzycreative-web/public/index.php(37): CodeIgniter\CodeIgniter->run()
#5 /home/ezzycreative/workspace/php/ezzycreative-web/vendor/codeigniter4/framework/system/Commands/Server/rewrite.php(43): require_once('...')
#6 {main}
CRITICAL - 2022-05-29 01:36:07 --> Undefined property: App\Controllers\Home::$load
#0 /home/ezzycreative/workspace/php/ezzycreative-web/app/Controllers/Home.php(10): CodeIgniter\Debug\Exceptions->errorHandler()
#1 /home/ezzycreative/workspace/php/ezzycreative-web/vendor/codeigniter4/framework/system/CodeIgniter.php(832): App\Controllers\Home->index()
#2 /home/ezzycreative/workspace/php/ezzycreative-web/vendor/codeigniter4/framework/system/CodeIgniter.php(419): CodeIgniter\CodeIgniter->runController()
#3 /home/ezzycreative/workspace/php/ezzycreative-web/vendor/codeigniter4/framework/system/CodeIgniter.php(326): CodeIgniter\CodeIgniter->handleRequest()
#4 /home/ezzycreative/workspace/php/ezzycreative-web/public/index.php(37): CodeIgniter\CodeIgniter->run()
#5 /home/ezzycreative/workspace/php/ezzycreative-web/vendor/codeigniter4/framework/system/Commands/Server/rewrite.php(43): require_once('...')
#6 {main}
CRITICAL - 2022-05-29 01:36:13 --> Undefined property: App\Controllers\Home::$load
#0 /home/ezzycreative/workspace/php/ezzycreative-web/app/Controllers/Home.php(10): CodeIgniter\Debug\Exceptions->errorHandler()
#1 /home/ezzycreative/workspace/php/ezzycreative-web/vendor/codeigniter4/framework/system/CodeIgniter.php(832): App\Controllers\Home->index()
#2 /home/ezzycreative/workspace/php/ezzycreative-web/vendor/codeigniter4/framework/system/CodeIgniter.php(419): CodeIgniter\CodeIgniter->runController()
#3 /home/ezzycreative/workspace/php/ezzycreative-web/vendor/codeigniter4/framework/system/CodeIgniter.php(326): CodeIgniter\CodeIgniter->handleRequest()
#4 /home/ezzycreative/workspace/php/ezzycreative-web/public/index.php(37): CodeIgniter\CodeIgniter->run()
#5 /home/ezzycreative/workspace/php/ezzycreative-web/vendor/codeigniter4/framework/system/Commands/Server/rewrite.php(43): require_once('...')
#6 {main}
CRITICAL - 2022-05-29 01:38:29 --> Undefined property: App\Controllers\Home::$load
#0 /home/ezzycreative/workspace/php/ezzycreative-web/app/Controllers/Home.php(10): CodeIgniter\Debug\Exceptions->errorHandler()
#1 /home/ezzycreative/workspace/php/ezzycreative-web/vendor/codeigniter4/framework/system/CodeIgniter.php(832): App\Controllers\Home->index()
#2 /home/ezzycreative/workspace/php/ezzycreative-web/vendor/codeigniter4/framework/system/CodeIgniter.php(419): CodeIgniter\CodeIgniter->runController()
#3 /home/ezzycreative/workspace/php/ezzycreative-web/vendor/codeigniter4/framework/system/CodeIgniter.php(326): CodeIgniter\CodeIgniter->handleRequest()
#4 /home/ezzycreative/workspace/php/ezzycreative-web/public/index.php(37): CodeIgniter\CodeIgniter->run()
#5 /home/ezzycreative/workspace/php/ezzycreative-web/vendor/codeigniter4/framework/system/Commands/Server/rewrite.php(43): require_once('...')
#6 {main}
CRITICAL - 2022-05-29 01:38:30 --> Undefined property: App\Controllers\Home::$load
#0 /home/ezzycreative/workspace/php/ezzycreative-web/app/Controllers/Home.php(10): CodeIgniter\Debug\Exceptions->errorHandler()
#1 /home/ezzycreative/workspace/php/ezzycreative-web/vendor/codeigniter4/framework/system/CodeIgniter.php(832): App\Controllers\Home->index()
#2 /home/ezzycreative/workspace/php/ezzycreative-web/vendor/codeigniter4/framework/system/CodeIgniter.php(419): CodeIgniter\CodeIgniter->runController()
#3 /home/ezzycreative/workspace/php/ezzycreative-web/vendor/codeigniter4/framework/system/CodeIgniter.php(326): CodeIgniter\CodeIgniter->handleRequest()
#4 /home/ezzycreative/workspace/php/ezzycreative-web/public/index.php(37): CodeIgniter\CodeIgniter->run()
#5 /home/ezzycreative/workspace/php/ezzycreative-web/vendor/codeigniter4/framework/system/Commands/Server/rewrite.php(43): require_once('...')
#6 {main}
CRITICAL - 2022-05-29 01:46:15 --> Undefined property: App\Controllers\Home::$load
#0 /home/ezzycreative/workspace/php/ezzycreative-web/app/Controllers/Home.php(10): CodeIgniter\Debug\Exceptions->errorHandler()
#1 /home/ezzycreative/workspace/php/ezzycreative-web/vendor/codeigniter4/framework/system/CodeIgniter.php(832): App\Controllers\Home->index()
#2 /home/ezzycreative/workspace/php/ezzycreative-web/vendor/codeigniter4/framework/system/CodeIgniter.php(419): CodeIgniter\CodeIgniter->runController()
#3 /home/ezzycreative/workspace/php/ezzycreative-web/vendor/codeigniter4/framework/system/CodeIgniter.php(326): CodeIgniter\CodeIgniter->handleRequest()
#4 /home/ezzycreative/workspace/php/ezzycreative-web/public/index.php(37): CodeIgniter\CodeIgniter->run()
#5 /home/ezzycreative/workspace/php/ezzycreative-web/vendor/codeigniter4/framework/system/Commands/Server/rewrite.php(43): require_once('...')
#6 {main}
CRITICAL - 2022-05-29 01:55:45 --> Call to undefined function link_tag()
#0 /home/ezzycreative/workspace/php/ezzycreative-web/vendor/codeigniter4/framework/system/View/View.php(210): include()
#1 /home/ezzycreative/workspace/php/ezzycreative-web/vendor/codeigniter4/framework/system/View/View.php(213): CodeIgniter\View\View->CodeIgniter\View\{closure}()
#2 /home/ezzycreative/workspace/php/ezzycreative-web/vendor/codeigniter4/framework/system/Common.php(1089): CodeIgniter\View\View->render()
#3 /home/ezzycreative/workspace/php/ezzycreative-web/app/Controllers/Home.php(10): view()
#4 /home/ezzycreative/workspace/php/ezzycreative-web/vendor/codeigniter4/framework/system/CodeIgniter.php(832): App\Controllers\Home->index()
#5 /home/ezzycreative/workspace/php/ezzycreative-web/vendor/codeigniter4/framework/system/CodeIgniter.php(419): CodeIgniter\CodeIgniter->runController()
#6 /home/ezzycreative/workspace/php/ezzycreative-web/vendor/codeigniter4/framework/system/CodeIgniter.php(326): CodeIgniter\CodeIgniter->handleRequest()
#7 /home/ezzycreative/workspace/php/ezzycreative-web/public/index.php(37): CodeIgniter\CodeIgniter->run()
#8 /home/ezzycreative/workspace/php/ezzycreative-web/vendor/codeigniter4/framework/system/Commands/Server/rewrite.php(43): require_once('...')
#9 {main}
CRITICAL - 2022-05-29 01:55:49 --> Call to undefined function link_tag()
#0 /home/ezzycreative/workspace/php/ezzycreative-web/vendor/codeigniter4/framework/system/View/View.php(210): include()
#1 /home/ezzycreative/workspace/php/ezzycreative-web/vendor/codeigniter4/framework/system/View/View.php(213): CodeIgniter\View\View->CodeIgniter\View\{closure}()
#2 /home/ezzycreative/workspace/php/ezzycreative-web/vendor/codeigniter4/framework/system/Common.php(1089): CodeIgniter\View\View->render()
#3 /home/ezzycreative/workspace/php/ezzycreative-web/app/Controllers/Home.php(10): view()
#4 /home/ezzycreative/workspace/php/ezzycreative-web/vendor/codeigniter4/framework/system/CodeIgniter.php(832): App\Controllers\Home->index()
#5 /home/ezzycreative/workspace/php/ezzycreative-web/vendor/codeigniter4/framework/system/CodeIgniter.php(419): CodeIgniter\CodeIgniter->runController()
#6 /home/ezzycreative/workspace/php/ezzycreative-web/vendor/codeigniter4/framework/system/CodeIgniter.php(326): CodeIgniter\CodeIgniter->handleRequest()
#7 /home/ezzycreative/workspace/php/ezzycreative-web/public/index.php(37): CodeIgniter\CodeIgniter->run()
#8 /home/ezzycreative/workspace/php/ezzycreative-web/vendor/codeigniter4/framework/system/Commands/Server/rewrite.php(43): require_once('...')
#9 {main}
CRITICAL - 2022-05-29 01:56:02 --> Call to undefined function link_tag()
#0 /home/ezzycreative/workspace/php/ezzycreative-web/vendor/codeigniter4/framework/system/View/View.php(210): include()
#1 /home/ezzycreative/workspace/php/ezzycreative-web/vendor/codeigniter4/framework/system/View/View.php(213): CodeIgniter\View\View->CodeIgniter\View\{closure}()
#2 /home/ezzycreative/workspace/php/ezzycreative-web/vendor/codeigniter4/framework/system/Common.php(1089): CodeIgniter\View\View->render()
#3 /home/ezzycreative/workspace/php/ezzycreative-web/app/Controllers/Home.php(10): view()
#4 /home/ezzycreative/workspace/php/ezzycreative-web/vendor/codeigniter4/framework/system/CodeIgniter.php(832): App\Controllers\Home->index()
#5 /home/ezzycreative/workspace/php/ezzycreative-web/vendor/codeigniter4/framework/system/CodeIgniter.php(419): CodeIgniter\CodeIgniter->runController()
#6 /home/ezzycreative/workspace/php/ezzycreative-web/vendor/codeigniter4/framework/system/CodeIgniter.php(326): CodeIgniter\CodeIgniter->handleRequest()
#7 /home/ezzycreative/workspace/php/ezzycreative-web/public/index.php(37): CodeIgniter\CodeIgniter->run()
#8 /home/ezzycreative/workspace/php/ezzycreative-web/vendor/codeigniter4/framework/system/Commands/Server/rewrite.php(43): require_once('...')
#9 {main}
CRITICAL - 2022-05-29 01:58:58 --> Call to undefined function link_tag()
#0 /home/ezzycreative/workspace/php/ezzycreative-web/vendor/codeigniter4/framework/system/View/View.php(210): include()
#1 /home/ezzycreative/workspace/php/ezzycreative-web/vendor/codeigniter4/framework/system/View/View.php(213): CodeIgniter\View\View->CodeIgniter\View\{closure}()
#2 /home/ezzycreative/workspace/php/ezzycreative-web/vendor/codeigniter4/framework/system/Common.php(1089): CodeIgniter\View\View->render()
#3 /home/ezzycreative/workspace/php/ezzycreative-web/app/Controllers/Home.php(10): view()
#4 /home/ezzycreative/workspace/php/ezzycreative-web/vendor/codeigniter4/framework/system/CodeIgniter.php(832): App\Controllers\Home->index()
#5 /home/ezzycreative/workspace/php/ezzycreative-web/vendor/codeigniter4/framework/system/CodeIgniter.php(419): CodeIgniter\CodeIgniter->runController()
#6 /home/ezzycreative/workspace/php/ezzycreative-web/vendor/codeigniter4/framework/system/CodeIgniter.php(326): CodeIgniter\CodeIgniter->handleRequest()
#7 /home/ezzycreative/workspace/php/ezzycreative-web/public/index.php(37): CodeIgniter\CodeIgniter->run()
#8 /home/ezzycreative/workspace/php/ezzycreative-web/vendor/codeigniter4/framework/system/Commands/Server/rewrite.php(43): require_once('...')
#9 {main}
CRITICAL - 2022-05-29 01:59:01 --> Call to undefined function link_tag()
#0 /home/ezzycreative/workspace/php/ezzycreative-web/vendor/codeigniter4/framework/system/View/View.php(210): include()
#1 /home/ezzycreative/workspace/php/ezzycreative-web/vendor/codeigniter4/framework/system/View/View.php(213): CodeIgniter\View\View->CodeIgniter\View\{closure}()
#2 /home/ezzycreative/workspace/php/ezzycreative-web/vendor/codeigniter4/framework/system/Common.php(1089): CodeIgniter\View\View->render()
#3 /home/ezzycreative/workspace/php/ezzycreative-web/app/Controllers/Home.php(10): view()
#4 /home/ezzycreative/workspace/php/ezzycreative-web/vendor/codeigniter4/framework/system/CodeIgniter.php(832): App\Controllers\Home->index()
#5 /home/ezzycreative/workspace/php/ezzycreative-web/vendor/codeigniter4/framework/system/CodeIgniter.php(419): CodeIgniter\CodeIgniter->runController()
#6 /home/ezzycreative/workspace/php/ezzycreative-web/vendor/codeigniter4/framework/system/CodeIgniter.php(326): CodeIgniter\CodeIgniter->handleRequest()
#7 /home/ezzycreative/workspace/php/ezzycreative-web/public/index.php(37): CodeIgniter\CodeIgniter->run()
#8 /home/ezzycreative/workspace/php/ezzycreative-web/vendor/codeigniter4/framework/system/Commands/Server/rewrite.php(43): require_once('...')
#9 {main}
CRITICAL - 2022-05-29 01:59:01 --> Call to undefined function link_tag()
#0 /home/ezzycreative/workspace/php/ezzycreative-web/vendor/codeigniter4/framework/system/View/View.php(210): include()
#1 /home/ezzycreative/workspace/php/ezzycreative-web/vendor/codeigniter4/framework/system/View/View.php(213): CodeIgniter\View\View->CodeIgniter\View\{closure}()
#2 /home/ezzycreative/workspace/php/ezzycreative-web/vendor/codeigniter4/framework/system/Common.php(1089): CodeIgniter\View\View->render()
#3 /home/ezzycreative/workspace/php/ezzycreative-web/app/Controllers/Home.php(10): view()
#4 /home/ezzycreative/workspace/php/ezzycreative-web/vendor/codeigniter4/framework/system/CodeIgniter.php(832): App\Controllers\Home->index()
#5 /home/ezzycreative/workspace/php/ezzycreative-web/vendor/codeigniter4/framework/system/CodeIgniter.php(419): CodeIgniter\CodeIgniter->runController()
#6 /home/ezzycreative/workspace/php/ezzycreative-web/vendor/codeigniter4/framework/system/CodeIgniter.php(326): CodeIgniter\CodeIgniter->handleRequest()
#7 /home/ezzycreative/workspace/php/ezzycreative-web/public/index.php(37): CodeIgniter\CodeIgniter->run()
#8 /home/ezzycreative/workspace/php/ezzycreative-web/vendor/codeigniter4/framework/system/Commands/Server/rewrite.php(43): require_once('...')
#9 {main}
CRITICAL - 2022-05-29 02:00:20 --> Call to undefined function link_tag()
#0 /home/ezzycreative/workspace/php/ezzycreative-web/vendor/codeigniter4/framework/system/View/View.php(210): include()
#1 /home/ezzycreative/workspace/php/ezzycreative-web/vendor/codeigniter4/framework/system/View/View.php(213): CodeIgniter\View\View->CodeIgniter\View\{closure}()
#2 /home/ezzycreative/workspace/php/ezzycreative-web/vendor/codeigniter4/framework/system/Common.php(1089): CodeIgniter\View\View->render()
#3 /home/ezzycreative/workspace/php/ezzycreative-web/app/Controllers/Home.php(10): view()
#4 /home/ezzycreative/workspace/php/ezzycreative-web/vendor/codeigniter4/framework/system/CodeIgniter.php(832): App\Controllers\Home->index()
#5 /home/ezzycreative/workspace/php/ezzycreative-web/vendor/codeigniter4/framework/system/CodeIgniter.php(419): CodeIgniter\CodeIgniter->runController()
#6 /home/ezzycreative/workspace/php/ezzycreative-web/vendor/codeigniter4/framework/system/CodeIgniter.php(326): CodeIgniter\CodeIgniter->handleRequest()
#7 /home/ezzycreative/workspace/php/ezzycreative-web/public/index.php(37): CodeIgniter\CodeIgniter->run()
#8 /home/ezzycreative/workspace/php/ezzycreative-web/vendor/codeigniter4/framework/system/Commands/Server/rewrite.php(43): require_once('...')
#9 {main}
CRITICAL - 2022-05-29 02:00:21 --> Call to undefined function link_tag()
#0 /home/ezzycreative/workspace/php/ezzycreative-web/vendor/codeigniter4/framework/system/View/View.php(210): include()
#1 /home/ezzycreative/workspace/php/ezzycreative-web/vendor/codeigniter4/framework/system/View/View.php(213): CodeIgniter\View\View->CodeIgniter\View\{closure}()
#2 /home/ezzycreative/workspace/php/ezzycreative-web/vendor/codeigniter4/framework/system/Common.php(1089): CodeIgniter\View\View->render()
#3 /home/ezzycreative/workspace/php/ezzycreative-web/app/Controllers/Home.php(10): view()
#4 /home/ezzycreative/workspace/php/ezzycreative-web/vendor/codeigniter4/framework/system/CodeIgniter.php(832): App\Controllers\Home->index()
#5 /home/ezzycreative/workspace/php/ezzycreative-web/vendor/codeigniter4/framework/system/CodeIgniter.php(419): CodeIgniter\CodeIgniter->runController()
#6 /home/ezzycreative/workspace/php/ezzycreative-web/vendor/codeigniter4/framework/system/CodeIgniter.php(326): CodeIgniter\CodeIgniter->handleRequest()
#7 /home/ezzycreative/workspace/php/ezzycreative-web/public/index.php(37): CodeIgniter\CodeIgniter->run()
#8 /home/ezzycreative/workspace/php/ezzycreative-web/vendor/codeigniter4/framework/system/Commands/Server/rewrite.php(43): require_once('...')
#9 {main}
CRITICAL - 2022-05-29 02:00:22 --> Call to undefined function link_tag()
#0 /home/ezzycreative/workspace/php/ezzycreative-web/vendor/codeigniter4/framework/system/View/View.php(210): include()
#1 /home/ezzycreative/workspace/php/ezzycreative-web/vendor/codeigniter4/framework/system/View/View.php(213): CodeIgniter\View\View->CodeIgniter\View\{closure}()
#2 /home/ezzycreative/workspace/php/ezzycreative-web/vendor/codeigniter4/framework/system/Common.php(1089): CodeIgniter\View\View->render()
#3 /home/ezzycreative/workspace/php/ezzycreative-web/app/Controllers/Home.php(10): view()
#4 /home/ezzycreative/workspace/php/ezzycreative-web/vendor/codeigniter4/framework/system/CodeIgniter.php(832): App\Controllers\Home->index()
#5 /home/ezzycreative/workspace/php/ezzycreative-web/vendor/codeigniter4/framework/system/CodeIgniter.php(419): CodeIgniter\CodeIgniter->runController()
#6 /home/ezzycreative/workspace/php/ezzycreative-web/vendor/codeigniter4/framework/system/CodeIgniter.php(326): CodeIgniter\CodeIgniter->handleRequest()
#7 /home/ezzycreative/workspace/php/ezzycreative-web/public/index.php(37): CodeIgniter\CodeIgniter->run()
#8 /home/ezzycreative/workspace/php/ezzycreative-web/vendor/codeigniter4/framework/system/Commands/Server/rewrite.php(43): require_once('...')
#9 {main}
CRITICAL - 2022-05-29 02:00:22 --> Call to undefined function link_tag()
#0 /home/ezzycreative/workspace/php/ezzycreative-web/vendor/codeigniter4/framework/system/View/View.php(210): include()
#1 /home/ezzycreative/workspace/php/ezzycreative-web/vendor/codeigniter4/framework/system/View/View.php(213): CodeIgniter\View\View->CodeIgniter\View\{closure}()
#2 /home/ezzycreative/workspace/php/ezzycreative-web/vendor/codeigniter4/framework/system/Common.php(1089): CodeIgniter\View\View->render()
#3 /home/ezzycreative/workspace/php/ezzycreative-web/app/Controllers/Home.php(10): view()
#4 /home/ezzycreative/workspace/php/ezzycreative-web/vendor/codeigniter4/framework/system/CodeIgniter.php(832): App\Controllers\Home->index()
#5 /home/ezzycreative/workspace/php/ezzycreative-web/vendor/codeigniter4/framework/system/CodeIgniter.php(419): CodeIgniter\CodeIgniter->runController()
#6 /home/ezzycreative/workspace/php/ezzycreative-web/vendor/codeigniter4/framework/system/CodeIgniter.php(326): CodeIgniter\CodeIgniter->handleRequest()
#7 /home/ezzycreative/workspace/php/ezzycreative-web/public/index.php(37): CodeIgniter\CodeIgniter->run()
#8 /home/ezzycreative/workspace/php/ezzycreative-web/vendor/codeigniter4/framework/system/Commands/Server/rewrite.php(43): require_once('...')
#9 {main}
CRITICAL - 2022-05-29 02:00:22 --> Call to undefined function link_tag()
#0 /home/ezzycreative/workspace/php/ezzycreative-web/vendor/codeigniter4/framework/system/View/View.php(210): include()
#1 /home/ezzycreative/workspace/php/ezzycreative-web/vendor/codeigniter4/framework/system/View/View.php(213): CodeIgniter\View\View->CodeIgniter\View\{closure}()
#2 /home/ezzycreative/workspace/php/ezzycreative-web/vendor/codeigniter4/framework/system/Common.php(1089): CodeIgniter\View\View->render()
#3 /home/ezzycreative/workspace/php/ezzycreative-web/app/Controllers/Home.php(10): view()
#4 /home/ezzycreative/workspace/php/ezzycreative-web/vendor/codeigniter4/framework/system/CodeIgniter.php(832): App\Controllers\Home->index()
#5 /home/ezzycreative/workspace/php/ezzycreative-web/vendor/codeigniter4/framework/system/CodeIgniter.php(419): CodeIgniter\CodeIgniter->runController()
#6 /home/ezzycreative/workspace/php/ezzycreative-web/vendor/codeigniter4/framework/system/CodeIgniter.php(326): CodeIgniter\CodeIgniter->handleRequest()
#7 /home/ezzycreative/workspace/php/ezzycreative-web/public/index.php(37): CodeIgniter\CodeIgniter->run()
#8 /home/ezzycreative/workspace/php/ezzycreative-web/vendor/codeigniter4/framework/system/Commands/Server/rewrite.php(43): require_once('...')
#9 {main}
CRITICAL - 2022-05-29 02:00:23 --> Call to undefined function link_tag()
#0 /home/ezzycreative/workspace/php/ezzycreative-web/vendor/codeigniter4/framework/system/View/View.php(210): include()
#1 /home/ezzycreative/workspace/php/ezzycreative-web/vendor/codeigniter4/framework/system/View/View.php(213): CodeIgniter\View\View->CodeIgniter\View\{closure}()
#2 /home/ezzycreative/workspace/php/ezzycreative-web/vendor/codeigniter4/framework/system/Common.php(1089): CodeIgniter\View\View->render()
#3 /home/ezzycreative/workspace/php/ezzycreative-web/app/Controllers/Home.php(10): view()
#4 /home/ezzycreative/workspace/php/ezzycreative-web/vendor/codeigniter4/framework/system/CodeIgniter.php(832): App\Controllers\Home->index()
#5 /home/ezzycreative/workspace/php/ezzycreative-web/vendor/codeigniter4/framework/system/CodeIgniter.php(419): CodeIgniter\CodeIgniter->runController()
#6 /home/ezzycreative/workspace/php/ezzycreative-web/vendor/codeigniter4/framework/system/CodeIgniter.php(326): CodeIgniter\CodeIgniter->handleRequest()
#7 /home/ezzycreative/workspace/php/ezzycreative-web/public/index.php(37): CodeIgniter\CodeIgniter->run()
#8 /home/ezzycreative/workspace/php/ezzycreative-web/vendor/codeigniter4/framework/system/Commands/Server/rewrite.php(43): require_once('...')
#9 {main}
CRITICAL - 2022-05-29 02:00:32 --> Call to undefined function link_tag()
#0 /home/ezzycreative/workspace/php/ezzycreative-web/vendor/codeigniter4/framework/system/View/View.php(210): include()
#1 /home/ezzycreative/workspace/php/ezzycreative-web/vendor/codeigniter4/framework/system/View/View.php(213): CodeIgniter\View\View->CodeIgniter\View\{closure}()
#2 /home/ezzycreative/workspace/php/ezzycreative-web/vendor/codeigniter4/framework/system/Common.php(1089): CodeIgniter\View\View->render()
#3 /home/ezzycreative/workspace/php/ezzycreative-web/app/Controllers/Home.php(10): view()
#4 /home/ezzycreative/workspace/php/ezzycreative-web/vendor/codeigniter4/framework/system/CodeIgniter.php(832): App\Controllers\Home->index()
#5 /home/ezzycreative/workspace/php/ezzycreative-web/vendor/codeigniter4/framework/system/CodeIgniter.php(419): CodeIgniter\CodeIgniter->runController()
#6 /home/ezzycreative/workspace/php/ezzycreative-web/vendor/codeigniter4/framework/system/CodeIgniter.php(326): CodeIgniter\CodeIgniter->handleRequest()
#7 /home/ezzycreative/workspace/php/ezzycreative-web/public/index.php(37): CodeIgniter\CodeIgniter->run()
#8 /home/ezzycreative/workspace/php/ezzycreative-web/vendor/codeigniter4/framework/system/Commands/Server/rewrite.php(43): require_once('...')
#9 {main}
CRITICAL - 2022-05-29 02:00:57 --> Call to undefined function link_tag()
#0 /home/ezzycreative/workspace/php/ezzycreative-web/vendor/codeigniter4/framework/system/View/View.php(210): include()
#1 /home/ezzycreative/workspace/php/ezzycreative-web/vendor/codeigniter4/framework/system/View/View.php(213): CodeIgniter\View\View->CodeIgniter\View\{closure}()
#2 /home/ezzycreative/workspace/php/ezzycreative-web/vendor/codeigniter4/framework/system/Common.php(1089): CodeIgniter\View\View->render()
#3 /home/ezzycreative/workspace/php/ezzycreative-web/app/Controllers/Home.php(10): view()
#4 /home/ezzycreative/workspace/php/ezzycreative-web/vendor/codeigniter4/framework/system/CodeIgniter.php(832): App\Controllers\Home->index()
#5 /home/ezzycreative/workspace/php/ezzycreative-web/vendor/codeigniter4/framework/system/CodeIgniter.php(419): CodeIgniter\CodeIgniter->runController()
#6 /home/ezzycreative/workspace/php/ezzycreative-web/vendor/codeigniter4/framework/system/CodeIgniter.php(326): CodeIgniter\CodeIgniter->handleRequest()
#7 /home/ezzycreative/workspace/php/ezzycreative-web/public/index.php(37): CodeIgniter\CodeIgniter->run()
#8 /home/ezzycreative/workspace/php/ezzycreative-web/vendor/codeigniter4/framework/system/Commands/Server/rewrite.php(43): require_once('...')
#9 {main}
CRITICAL - 2022-05-29 02:01:03 --> Call to undefined function link_tag()
#0 /home/ezzycreative/workspace/php/ezzycreative-web/vendor/codeigniter4/framework/system/View/View.php(210): include()
#1 /home/ezzycreative/workspace/php/ezzycreative-web/vendor/codeigniter4/framework/system/View/View.php(213): CodeIgniter\View\View->CodeIgniter\View\{closure}()
#2 /home/ezzycreative/workspace/php/ezzycreative-web/vendor/codeigniter4/framework/system/Common.php(1089): CodeIgniter\View\View->render()
#3 /home/ezzycreative/workspace/php/ezzycreative-web/app/Controllers/Home.php(10): view()
#4 /home/ezzycreative/workspace/php/ezzycreative-web/vendor/codeigniter4/framework/system/CodeIgniter.php(832): App\Controllers\Home->index()
#5 /home/ezzycreative/workspace/php/ezzycreative-web/vendor/codeigniter4/framework/system/CodeIgniter.php(419): CodeIgniter\CodeIgniter->runController()
#6 /home/ezzycreative/workspace/php/ezzycreative-web/vendor/codeigniter4/framework/system/CodeIgniter.php(326): CodeIgniter\CodeIgniter->handleRequest()
#7 /home/ezzycreative/workspace/php/ezzycreative-web/public/index.php(37): CodeIgniter\CodeIgniter->run()
#8 /home/ezzycreative/workspace/php/ezzycreative-web/vendor/codeigniter4/framework/system/Commands/Server/rewrite.php(43): require_once('...')
#9 {main}
CRITICAL - 2022-05-29 02:03:59 --> Call to undefined function link_tag()
#0 /home/ezzycreative/workspace/php/ezzycreative-web/vendor/codeigniter4/framework/system/View/View.php(210): include()
#1 /home/ezzycreative/workspace/php/ezzycreative-web/vendor/codeigniter4/framework/system/View/View.php(213): CodeIgniter\View\View->CodeIgniter\View\{closure}()
#2 /home/ezzycreative/workspace/php/ezzycreative-web/vendor/codeigniter4/framework/system/Common.php(1089): CodeIgniter\View\View->render()
#3 /home/ezzycreative/workspace/php/ezzycreative-web/app/Controllers/Home.php(10): view()
#4 /home/ezzycreative/workspace/php/ezzycreative-web/vendor/codeigniter4/framework/system/CodeIgniter.php(832): App\Controllers\Home->index()
#5 /home/ezzycreative/workspace/php/ezzycreative-web/vendor/codeigniter4/framework/system/CodeIgniter.php(419): CodeIgniter\CodeIgniter->runController()
#6 /home/ezzycreative/workspace/php/ezzycreative-web/vendor/codeigniter4/framework/system/CodeIgniter.php(326): CodeIgniter\CodeIgniter->handleRequest()
#7 /home/ezzycreative/workspace/php/ezzycreative-web/public/index.php(37): CodeIgniter\CodeIgniter->run()
#8 /home/ezzycreative/workspace/php/ezzycreative-web/vendor/codeigniter4/framework/system/Commands/Server/rewrite.php(43): require_once('...')
#9 {main}
CRITICAL - 2022-05-29 02:04:00 --> Call to undefined function link_tag()
#0 /home/ezzycreative/workspace/php/ezzycreative-web/vendor/codeigniter4/framework/system/View/View.php(210): include()
#1 /home/ezzycreative/workspace/php/ezzycreative-web/vendor/codeigniter4/framework/system/View/View.php(213): CodeIgniter\View\View->CodeIgniter\View\{closure}()
#2 /home/ezzycreative/workspace/php/ezzycreative-web/vendor/codeigniter4/framework/system/Common.php(1089): CodeIgniter\View\View->render()
#3 /home/ezzycreative/workspace/php/ezzycreative-web/app/Controllers/Home.php(10): view()
#4 /home/ezzycreative/workspace/php/ezzycreative-web/vendor/codeigniter4/framework/system/CodeIgniter.php(832): App\Controllers\Home->index()
#5 /home/ezzycreative/workspace/php/ezzycreative-web/vendor/codeigniter4/framework/system/CodeIgniter.php(419): CodeIgniter\CodeIgniter->runController()
#6 /home/ezzycreative/workspace/php/ezzycreative-web/vendor/codeigniter4/framework/system/CodeIgniter.php(326): CodeIgniter\CodeIgniter->handleRequest()
#7 /home/ezzycreative/workspace/php/ezzycreative-web/public/index.php(37): CodeIgniter\CodeIgniter->run()
#8 /home/ezzycreative/workspace/php/ezzycreative-web/vendor/codeigniter4/framework/system/Commands/Server/rewrite.php(43): require_once('...')
#9 {main}
CRITICAL - 2022-05-29 02:04:02 --> Call to undefined function link_tag()
#0 /home/ezzycreative/workspace/php/ezzycreative-web/vendor/codeigniter4/framework/system/View/View.php(210): include()
#1 /home/ezzycreative/workspace/php/ezzycreative-web/vendor/codeigniter4/framework/system/View/View.php(213): CodeIgniter\View\View->CodeIgniter\View\{closure}()
#2 /home/ezzycreative/workspace/php/ezzycreative-web/vendor/codeigniter4/framework/system/Common.php(1089): CodeIgniter\View\View->render()
#3 /home/ezzycreative/workspace/php/ezzycreative-web/app/Controllers/Home.php(10): view()
#4 /home/ezzycreative/workspace/php/ezzycreative-web/vendor/codeigniter4/framework/system/CodeIgniter.php(832): App\Controllers\Home->index()
#5 /home/ezzycreative/workspace/php/ezzycreative-web/vendor/codeigniter4/framework/system/CodeIgniter.php(419): CodeIgniter\CodeIgniter->runController()
#6 /home/ezzycreative/workspace/php/ezzycreative-web/vendor/codeigniter4/framework/system/CodeIgniter.php(326): CodeIgniter\CodeIgniter->handleRequest()
#7 /home/ezzycreative/workspace/php/ezzycreative-web/public/index.php(37): CodeIgniter\CodeIgniter->run()
#8 /home/ezzycreative/workspace/php/ezzycreative-web/vendor/codeigniter4/framework/system/Commands/Server/rewrite.php(43): require_once('...')
#9 {main}
CRITICAL - 2022-05-29 02:04:04 --> Call to undefined function link_tag()
#0 /home/ezzycreative/workspace/php/ezzycreative-web/vendor/codeigniter4/framework/system/View/View.php(210): include()
#1 /home/ezzycreative/workspace/php/ezzycreative-web/vendor/codeigniter4/framework/system/View/View.php(213): CodeIgniter\View\View->CodeIgniter\View\{closure}()
#2 /home/ezzycreative/workspace/php/ezzycreative-web/vendor/codeigniter4/framework/system/Common.php(1089): CodeIgniter\View\View->render()
#3 /home/ezzycreative/workspace/php/ezzycreative-web/app/Controllers/Home.php(10): view()
#4 /home/ezzycreative/workspace/php/ezzycreative-web/vendor/codeigniter4/framework/system/CodeIgniter.php(832): App\Controllers\Home->index()
#5 /home/ezzycreative/workspace/php/ezzycreative-web/vendor/codeigniter4/framework/system/CodeIgniter.php(419): CodeIgniter\CodeIgniter->runController()
#6 /home/ezzycreative/workspace/php/ezzycreative-web/vendor/codeigniter4/framework/system/CodeIgniter.php(326): CodeIgniter\CodeIgniter->handleRequest()
#7 /home/ezzycreative/workspace/php/ezzycreative-web/public/index.php(37): CodeIgniter\CodeIgniter->run()
#8 /home/ezzycreative/workspace/php/ezzycreative-web/vendor/codeigniter4/framework/system/Commands/Server/rewrite.php(43): require_once('...')
#9 {main}
CRITICAL - 2022-05-29 02:04:05 --> Call to undefined function link_tag()
#0 /home/ezzycreative/workspace/php/ezzycreative-web/vendor/codeigniter4/framework/system/View/View.php(210): include()
#1 /home/ezzycreative/workspace/php/ezzycreative-web/vendor/codeigniter4/framework/system/View/View.php(213): CodeIgniter\View\View->CodeIgniter\View\{closure}()
#2 /home/ezzycreative/workspace/php/ezzycreative-web/vendor/codeigniter4/framework/system/Common.php(1089): CodeIgniter\View\View->render()
#3 /home/ezzycreative/workspace/php/ezzycreative-web/app/Controllers/Home.php(10): view()
#4 /home/ezzycreative/workspace/php/ezzycreative-web/vendor/codeigniter4/framework/system/CodeIgniter.php(832): App\Controllers\Home->index()
#5 /home/ezzycreative/workspace/php/ezzycreative-web/vendor/codeigniter4/framework/system/CodeIgniter.php(419): CodeIgniter\CodeIgniter->runController()
#6 /home/ezzycreative/workspace/php/ezzycreative-web/vendor/codeigniter4/framework/system/CodeIgniter.php(326): CodeIgniter\CodeIgniter->handleRequest()
#7 /home/ezzycreative/workspace/php/ezzycreative-web/public/index.php(37): CodeIgniter\CodeIgniter->run()
#8 /home/ezzycreative/workspace/php/ezzycreative-web/vendor/codeigniter4/framework/system/Commands/Server/rewrite.php(43): require_once('...')
#9 {main}
CRITICAL - 2022-05-29 02:10:19 --> Call to undefined function link_tag()
#0 /home/ezzycreative/workspace/php/ezzycreative-web/vendor/codeigniter4/framework/system/View/View.php(210): include()
#1 /home/ezzycreative/workspace/php/ezzycreative-web/vendor/codeigniter4/framework/system/View/View.php(213): CodeIgniter\View\View->CodeIgniter\View\{closure}()
#2 /home/ezzycreative/workspace/php/ezzycreative-web/vendor/codeigniter4/framework/system/Common.php(1089): CodeIgniter\View\View->render()
#3 /home/ezzycreative/workspace/php/ezzycreative-web/app/Controllers/Home.php(10): view()
#4 /home/ezzycreative/workspace/php/ezzycreative-web/vendor/codeigniter4/framework/system/CodeIgniter.php(832): App\Controllers\Home->index()
#5 /home/ezzycreative/workspace/php/ezzycreative-web/vendor/codeigniter4/framework/system/CodeIgniter.php(419): CodeIgniter\CodeIgniter->runController()
#6 /home/ezzycreative/workspace/php/ezzycreative-web/vendor/codeigniter4/framework/system/CodeIgniter.php(326): CodeIgniter\CodeIgniter->handleRequest()
#7 /home/ezzycreative/workspace/php/ezzycreative-web/public/index.php(37): CodeIgniter\CodeIgniter->run()
#8 /home/ezzycreative/workspace/php/ezzycreative-web/vendor/codeigniter4/framework/system/Commands/Server/rewrite.php(43): require_once('...')
#9 {main}
CRITICAL - 2022-05-29 02:10:23 --> Call to undefined function link_tag()
#0 /home/ezzycreative/workspace/php/ezzycreative-web/vendor/codeigniter4/framework/system/View/View.php(210): include()
#1 /home/ezzycreative/workspace/php/ezzycreative-web/vendor/codeigniter4/framework/system/View/View.php(213): CodeIgniter\View\View->CodeIgniter\View\{closure}()
#2 /home/ezzycreative/workspace/php/ezzycreative-web/vendor/codeigniter4/framework/system/Common.php(1089): CodeIgniter\View\View->render()
#3 /home/ezzycreative/workspace/php/ezzycreative-web/app/Controllers/Home.php(10): view()
#4 /home/ezzycreative/workspace/php/ezzycreative-web/vendor/codeigniter4/framework/system/CodeIgniter.php(832): App\Controllers\Home->index()
#5 /home/ezzycreative/workspace/php/ezzycreative-web/vendor/codeigniter4/framework/system/CodeIgniter.php(419): CodeIgniter\CodeIgniter->runController()
#6 /home/ezzycreative/workspace/php/ezzycreative-web/vendor/codeigniter4/framework/system/CodeIgniter.php(326): CodeIgniter\CodeIgniter->handleRequest()
#7 /home/ezzycreative/workspace/php/ezzycreative-web/public/index.php(37): CodeIgniter\CodeIgniter->run()
#8 /home/ezzycreative/workspace/php/ezzycreative-web/vendor/codeigniter4/framework/system/Commands/Server/rewrite.php(43): require_once('...')
#9 {main}
CRITICAL - 2022-05-29 02:11:44 --> Call to undefined function link_tag()
#0 /home/ezzycreative/workspace/php/ezzycreative-web/vendor/codeigniter4/framework/system/View/View.php(210): include()
#1 /home/ezzycreative/workspace/php/ezzycreative-web/vendor/codeigniter4/framework/system/View/View.php(213): CodeIgniter\View\View->CodeIgniter\View\{closure}()
#2 /home/ezzycreative/workspace/php/ezzycreative-web/vendor/codeigniter4/framework/system/Common.php(1089): CodeIgniter\View\View->render()
#3 /home/ezzycreative/workspace/php/ezzycreative-web/app/Controllers/Home.php(10): view()
#4 /home/ezzycreative/workspace/php/ezzycreative-web/vendor/codeigniter4/framework/system/CodeIgniter.php(832): App\Controllers\Home->index()
#5 /home/ezzycreative/workspace/php/ezzycreative-web/vendor/codeigniter4/framework/system/CodeIgniter.php(419): CodeIgniter\CodeIgniter->runController()
#6 /home/ezzycreative/workspace/php/ezzycreative-web/vendor/codeigniter4/framework/system/CodeIgniter.php(326): CodeIgniter\CodeIgniter->handleRequest()
#7 /home/ezzycreative/workspace/php/ezzycreative-web/public/index.php(37): CodeIgniter\CodeIgniter->run()
#8 /home/ezzycreative/workspace/php/ezzycreative-web/vendor/codeigniter4/framework/system/Commands/Server/rewrite.php(43): require_once('...')
#9 {main}
CRITICAL - 2022-05-29 02:11:47 --> Call to undefined function link_tag()
#0 /home/ezzycreative/workspace/php/ezzycreative-web/vendor/codeigniter4/framework/system/View/View.php(210): include()
#1 /home/ezzycreative/workspace/php/ezzycreative-web/vendor/codeigniter4/framework/system/View/View.php(213): CodeIgniter\View\View->CodeIgniter\View\{closure}()
#2 /home/ezzycreative/workspace/php/ezzycreative-web/vendor/codeigniter4/framework/system/Common.php(1089): CodeIgniter\View\View->render()
#3 /home/ezzycreative/workspace/php/ezzycreative-web/app/Controllers/Home.php(10): view()
#4 /home/ezzycreative/workspace/php/ezzycreative-web/vendor/codeigniter4/framework/system/CodeIgniter.php(832): App\Controllers\Home->index()
#5 /home/ezzycreative/workspace/php/ezzycreative-web/vendor/codeigniter4/framework/system/CodeIgniter.php(419): CodeIgniter\CodeIgniter->runController()
#6 /home/ezzycreative/workspace/php/ezzycreative-web/vendor/codeigniter4/framework/system/CodeIgniter.php(326): CodeIgniter\CodeIgniter->handleRequest()
#7 /home/ezzycreative/workspace/php/ezzycreative-web/public/index.php(37): CodeIgniter\CodeIgniter->run()
#8 /home/ezzycreative/workspace/php/ezzycreative-web/vendor/codeigniter4/framework/system/Commands/Server/rewrite.php(43): require_once('...')
#9 {main}
CRITICAL - 2022-05-29 02:12:45 --> Call to undefined function link_tag()
#0 /home/ezzycreative/workspace/php/ezzycreative-web/vendor/codeigniter4/framework/system/View/View.php(210): include()
#1 /home/ezzycreative/workspace/php/ezzycreative-web/vendor/codeigniter4/framework/system/View/View.php(213): CodeIgniter\View\View->CodeIgniter\View\{closure}()
#2 /home/ezzycreative/workspace/php/ezzycreative-web/vendor/codeigniter4/framework/system/Common.php(1089): CodeIgniter\View\View->render()
#3 /home/ezzycreative/workspace/php/ezzycreative-web/app/Controllers/Home.php(10): view()
#4 /home/ezzycreative/workspace/php/ezzycreative-web/vendor/codeigniter4/framework/system/CodeIgniter.php(832): App\Controllers\Home->index()
#5 /home/ezzycreative/workspace/php/ezzycreative-web/vendor/codeigniter4/framework/system/CodeIgniter.php(419): CodeIgniter\CodeIgniter->runController()
#6 /home/ezzycreative/workspace/php/ezzycreative-web/vendor/codeigniter4/framework/system/CodeIgniter.php(326): CodeIgniter\CodeIgniter->handleRequest()
#7 /home/ezzycreative/workspace/php/ezzycreative-web/public/index.php(37): CodeIgniter\CodeIgniter->run()
#8 /home/ezzycreative/workspace/php/ezzycreative-web/vendor/codeigniter4/framework/system/Commands/Server/rewrite.php(43): require_once('...')
#9 {main}
CRITICAL - 2022-05-29 02:14:54 --> Call to undefined function link_tag()
#0 /home/ezzycreative/workspace/php/ezzycreative-web/vendor/codeigniter4/framework/system/View/View.php(210): include()
#1 /home/ezzycreative/workspace/php/ezzycreative-web/vendor/codeigniter4/framework/system/View/View.php(213): CodeIgniter\View\View->CodeIgniter\View\{closure}()
#2 /home/ezzycreative/workspace/php/ezzycreative-web/vendor/codeigniter4/framework/system/Common.php(1089): CodeIgniter\View\View->render()
#3 /home/ezzycreative/workspace/php/ezzycreative-web/app/Controllers/Home.php(10): view()
#4 /home/ezzycreative/workspace/php/ezzycreative-web/vendor/codeigniter4/framework/system/CodeIgniter.php(832): App\Controllers\Home->index()
#5 /home/ezzycreative/workspace/php/ezzycreative-web/vendor/codeigniter4/framework/system/CodeIgniter.php(419): CodeIgniter\CodeIgniter->runController()
#6 /home/ezzycreative/workspace/php/ezzycreative-web/vendor/codeigniter4/framework/system/CodeIgniter.php(326): CodeIgniter\CodeIgniter->handleRequest()
#7 /home/ezzycreative/workspace/php/ezzycreative-web/public/index.php(37): CodeIgniter\CodeIgniter->run()
#8 /home/ezzycreative/workspace/php/ezzycreative-web/vendor/codeigniter4/framework/system/Commands/Server/rewrite.php(43): require_once('...')
#9 {main}
CRITICAL - 2022-05-29 02:14:54 --> Call to undefined function link_tag()
#0 /home/ezzycreative/workspace/php/ezzycreative-web/vendor/codeigniter4/framework/system/View/View.php(210): include()
#1 /home/ezzycreative/workspace/php/ezzycreative-web/vendor/codeigniter4/framework/system/View/View.php(213): CodeIgniter\View\View->CodeIgniter\View\{closure}()
#2 /home/ezzycreative/workspace/php/ezzycreative-web/vendor/codeigniter4/framework/system/Common.php(1089): CodeIgniter\View\View->render()
#3 /home/ezzycreative/workspace/php/ezzycreative-web/app/Controllers/Home.php(10): view()
#4 /home/ezzycreative/workspace/php/ezzycreative-web/vendor/codeigniter4/framework/system/CodeIgniter.php(832): App\Controllers\Home->index()
#5 /home/ezzycreative/workspace/php/ezzycreative-web/vendor/codeigniter4/framework/system/CodeIgniter.php(419): CodeIgniter\CodeIgniter->runController()
#6 /home/ezzycreative/workspace/php/ezzycreative-web/vendor/codeigniter4/framework/system/CodeIgniter.php(326): CodeIgniter\CodeIgniter->handleRequest()
#7 /home/ezzycreative/workspace/php/ezzycreative-web/public/index.php(37): CodeIgniter\CodeIgniter->run()
#8 /home/ezzycreative/workspace/php/ezzycreative-web/vendor/codeigniter4/framework/system/Commands/Server/rewrite.php(43): require_once('...')
#9 {main}
CRITICAL - 2022-05-29 02:14:55 --> Call to undefined function link_tag()
#0 /home/ezzycreative/workspace/php/ezzycreative-web/vendor/codeigniter4/framework/system/View/View.php(210): include()
#1 /home/ezzycreative/workspace/php/ezzycreative-web/vendor/codeigniter4/framework/system/View/View.php(213): CodeIgniter\View\View->CodeIgniter\View\{closure}()
#2 /home/ezzycreative/workspace/php/ezzycreative-web/vendor/codeigniter4/framework/system/Common.php(1089): CodeIgniter\View\View->render()
#3 /home/ezzycreative/workspace/php/ezzycreative-web/app/Controllers/Home.php(10): view()
#4 /home/ezzycreative/workspace/php/ezzycreative-web/vendor/codeigniter4/framework/system/CodeIgniter.php(832): App\Controllers\Home->index()
#5 /home/ezzycreative/workspace/php/ezzycreative-web/vendor/codeigniter4/framework/system/CodeIgniter.php(419): CodeIgniter\CodeIgniter->runController()
#6 /home/ezzycreative/workspace/php/ezzycreative-web/vendor/codeigniter4/framework/system/CodeIgniter.php(326): CodeIgniter\CodeIgniter->handleRequest()
#7 /home/ezzycreative/workspace/php/ezzycreative-web/public/index.php(37): CodeIgniter\CodeIgniter->run()
#8 /home/ezzycreative/workspace/php/ezzycreative-web/vendor/codeigniter4/framework/system/Commands/Server/rewrite.php(43): require_once('...')
#9 {main}
CRITICAL - 2022-05-29 02:14:55 --> Call to undefined function link_tag()
#0 /home/ezzycreative/workspace/php/ezzycreative-web/vendor/codeigniter4/framework/system/View/View.php(210): include()
#1 /home/ezzycreative/workspace/php/ezzycreative-web/vendor/codeigniter4/framework/system/View/View.php(213): CodeIgniter\View\View->CodeIgniter\View\{closure}()
#2 /home/ezzycreative/workspace/php/ezzycreative-web/vendor/codeigniter4/framework/system/Common.php(1089): CodeIgniter\View\View->render()
#3 /home/ezzycreative/workspace/php/ezzycreative-web/app/Controllers/Home.php(10): view()
#4 /home/ezzycreative/workspace/php/ezzycreative-web/vendor/codeigniter4/framework/system/CodeIgniter.php(832): App\Controllers\Home->index()
#5 /home/ezzycreative/workspace/php/ezzycreative-web/vendor/codeigniter4/framework/system/CodeIgniter.php(419): CodeIgniter\CodeIgniter->runController()
#6 /home/ezzycreative/workspace/php/ezzycreative-web/vendor/codeigniter4/framework/system/CodeIgniter.php(326): CodeIgniter\CodeIgniter->handleRequest()
#7 /home/ezzycreative/workspace/php/ezzycreative-web/public/index.php(37): CodeIgniter\CodeIgniter->run()
#8 /home/ezzycreative/workspace/php/ezzycreative-web/vendor/codeigniter4/framework/system/Commands/Server/rewrite.php(43): require_once('...')
#9 {main}
CRITICAL - 2022-05-29 02:14:55 --> Call to undefined function link_tag()
#0 /home/ezzycreative/workspace/php/ezzycreative-web/vendor/codeigniter4/framework/system/View/View.php(210): include()
#1 /home/ezzycreative/workspace/php/ezzycreative-web/vendor/codeigniter4/framework/system/View/View.php(213): CodeIgniter\View\View->CodeIgniter\View\{closure}()
#2 /home/ezzycreative/workspace/php/ezzycreative-web/vendor/codeigniter4/framework/system/Common.php(1089): CodeIgniter\View\View->render()
#3 /home/ezzycreative/workspace/php/ezzycreative-web/app/Controllers/Home.php(10): view()
#4 /home/ezzycreative/workspace/php/ezzycreative-web/vendor/codeigniter4/framework/system/CodeIgniter.php(832): App\Controllers\Home->index()
#5 /home/ezzycreative/workspace/php/ezzycreative-web/vendor/codeigniter4/framework/system/CodeIgniter.php(419): CodeIgniter\CodeIgniter->runController()
#6 /home/ezzycreative/workspace/php/ezzycreative-web/vendor/codeigniter4/framework/system/CodeIgniter.php(326): CodeIgniter\CodeIgniter->handleRequest()
#7 /home/ezzycreative/workspace/php/ezzycreative-web/public/index.php(37): CodeIgniter\CodeIgniter->run()
#8 /home/ezzycreative/workspace/php/ezzycreative-web/vendor/codeigniter4/framework/system/Commands/Server/rewrite.php(43): require_once('...')
#9 {main}
CRITICAL - 2022-05-29 02:15:00 --> Call to undefined function link_tag()
#0 /home/ezzycreative/workspace/php/ezzycreative-web/vendor/codeigniter4/framework/system/View/View.php(210): include()
#1 /home/ezzycreative/workspace/php/ezzycreative-web/vendor/codeigniter4/framework/system/View/View.php(213): CodeIgniter\View\View->CodeIgniter\View\{closure}()
#2 /home/ezzycreative/workspace/php/ezzycreative-web/vendor/codeigniter4/framework/system/Common.php(1089): CodeIgniter\View\View->render()
#3 /home/ezzycreative/workspace/php/ezzycreative-web/app/Controllers/Home.php(10): view()
#4 /home/ezzycreative/workspace/php/ezzycreative-web/vendor/codeigniter4/framework/system/CodeIgniter.php(832): App\Controllers\Home->index()
#5 /home/ezzycreative/workspace/php/ezzycreative-web/vendor/codeigniter4/framework/system/CodeIgniter.php(419): CodeIgniter\CodeIgniter->runController()
#6 /home/ezzycreative/workspace/php/ezzycreative-web/vendor/codeigniter4/framework/system/CodeIgniter.php(326): CodeIgniter\CodeIgniter->handleRequest()
#7 /home/ezzycreative/workspace/php/ezzycreative-web/public/index.php(37): CodeIgniter\CodeIgniter->run()
#8 /home/ezzycreative/workspace/php/ezzycreative-web/vendor/codeigniter4/framework/system/Commands/Server/rewrite.php(43): require_once('...')
#9 {main}
CRITICAL - 2022-05-29 02:22:40 --> Call to undefined function link_tag()
#0 /home/ezzycreative/workspace/php/ezzycreative-web/vendor/codeigniter4/framework/system/View/View.php(210): include()
#1 /home/ezzycreative/workspace/php/ezzycreative-web/vendor/codeigniter4/framework/system/View/View.php(213): CodeIgniter\View\View->CodeIgniter\View\{closure}()
#2 /home/ezzycreative/workspace/php/ezzycreative-web/vendor/codeigniter4/framework/system/Common.php(1089): CodeIgniter\View\View->render()
#3 /home/ezzycreative/workspace/php/ezzycreative-web/app/Controllers/Home.php(10): view()
#4 /home/ezzycreative/workspace/php/ezzycreative-web/vendor/codeigniter4/framework/system/CodeIgniter.php(832): App\Controllers\Home->index()
#5 /home/ezzycreative/workspace/php/ezzycreative-web/vendor/codeigniter4/framework/system/CodeIgniter.php(419): CodeIgniter\CodeIgniter->runController()
#6 /home/ezzycreative/workspace/php/ezzycreative-web/vendor/codeigniter4/framework/system/CodeIgniter.php(326): CodeIgniter\CodeIgniter->handleRequest()
#7 /home/ezzycreative/workspace/php/ezzycreative-web/public/index.php(37): CodeIgniter\CodeIgniter->run()
#8 /home/ezzycreative/workspace/php/ezzycreative-web/vendor/codeigniter4/framework/system/Commands/Server/rewrite.php(43): require_once('...')
#9 {main}
CRITICAL - 2022-05-29 02:22:53 --> Call to undefined function link_tag()
#0 /home/ezzycreative/workspace/php/ezzycreative-web/vendor/codeigniter4/framework/system/View/View.php(210): include()
#1 /home/ezzycreative/workspace/php/ezzycreative-web/vendor/codeigniter4/framework/system/View/View.php(213): CodeIgniter\View\View->CodeIgniter\View\{closure}()
#2 /home/ezzycreative/workspace/php/ezzycreative-web/vendor/codeigniter4/framework/system/Common.php(1089): CodeIgniter\View\View->render()
#3 /home/ezzycreative/workspace/php/ezzycreative-web/app/Controllers/Home.php(10): view()
#4 /home/ezzycreative/workspace/php/ezzycreative-web/vendor/codeigniter4/framework/system/CodeIgniter.php(832): App\Controllers\Home->index()
#5 /home/ezzycreative/workspace/php/ezzycreative-web/vendor/codeigniter4/framework/system/CodeIgniter.php(419): CodeIgniter\CodeIgniter->runController()
#6 /home/ezzycreative/workspace/php/ezzycreative-web/vendor/codeigniter4/framework/system/CodeIgniter.php(326): CodeIgniter\CodeIgniter->handleRequest()
#7 /home/ezzycreative/workspace/php/ezzycreative-web/public/index.php(37): CodeIgniter\CodeIgniter->run()
#8 /home/ezzycreative/workspace/php/ezzycreative-web/vendor/codeigniter4/framework/system/Commands/Server/rewrite.php(43): require_once('...')
#9 {main}
