CRITICAL - 2022-05-31 21:52:56 --> Invalid file: footer.php
#0 /home/ezzycreative/workspace/php/ezzycreative-web/vendor/codeigniter4/framework/system/View/View.php(198): CodeIgniter\Exceptions\FrameworkException::forInvalidFile()
#1 /home/ezzycreative/workspace/php/ezzycreative-web/vendor/codeigniter4/framework/system/View/View.php(226): CodeIgniter\View\View->render()
#2 /home/ezzycreative/workspace/php/ezzycreative-web/vendor/codeigniter4/framework/system/Common.php(1089): CodeIgniter\View\View->render()
#3 /home/ezzycreative/workspace/php/ezzycreative-web/app/Controllers/Home.php(10): view()
#4 /home/ezzycreative/workspace/php/ezzycreative-web/vendor/codeigniter4/framework/system/CodeIgniter.php(832): App\Controllers\Home->index()
#5 /home/ezzycreative/workspace/php/ezzycreative-web/vendor/codeigniter4/framework/system/CodeIgniter.php(419): CodeIgniter\CodeIgniter->runController()
#6 /home/ezzycreative/workspace/php/ezzycreative-web/vendor/codeigniter4/framework/system/CodeIgniter.php(326): CodeIgniter\CodeIgniter->handleRequest()
#7 /home/ezzycreative/workspace/php/ezzycreative-web/public/index.php(37): CodeIgniter\CodeIgniter->run()
#8 /home/ezzycreative/workspace/php/ezzycreative-web/vendor/codeigniter4/framework/system/Commands/Server/rewrite.php(43): require_once('...')
#9 {main}
CRITICAL - 2022-05-31 21:52:57 --> Invalid file: footer.php
#0 /home/ezzycreative/workspace/php/ezzycreative-web/vendor/codeigniter4/framework/system/View/View.php(198): CodeIgniter\Exceptions\FrameworkException::forInvalidFile()
#1 /home/ezzycreative/workspace/php/ezzycreative-web/vendor/codeigniter4/framework/system/View/View.php(226): CodeIgniter\View\View->render()
#2 /home/ezzycreative/workspace/php/ezzycreative-web/vendor/codeigniter4/framework/system/Common.php(1089): CodeIgniter\View\View->render()
#3 /home/ezzycreative/workspace/php/ezzycreative-web/app/Controllers/Home.php(10): view()
#4 /home/ezzycreative/workspace/php/ezzycreative-web/vendor/codeigniter4/framework/system/CodeIgniter.php(832): App\Controllers\Home->index()
#5 /home/ezzycreative/workspace/php/ezzycreative-web/vendor/codeigniter4/framework/system/CodeIgniter.php(419): CodeIgniter\CodeIgniter->runController()
#6 /home/ezzycreative/workspace/php/ezzycreative-web/vendor/codeigniter4/framework/system/CodeIgniter.php(326): CodeIgniter\CodeIgniter->handleRequest()
#7 /home/ezzycreative/workspace/php/ezzycreative-web/public/index.php(37): CodeIgniter\CodeIgniter->run()
#8 /home/ezzycreative/workspace/php/ezzycreative-web/vendor/codeigniter4/framework/system/Commands/Server/rewrite.php(43): require_once('...')
#9 {main}
CRITICAL - 2022-05-31 21:52:58 --> Invalid file: footer.php
#0 /home/ezzycreative/workspace/php/ezzycreative-web/vendor/codeigniter4/framework/system/View/View.php(198): CodeIgniter\Exceptions\FrameworkException::forInvalidFile()
#1 /home/ezzycreative/workspace/php/ezzycreative-web/vendor/codeigniter4/framework/system/View/View.php(226): CodeIgniter\View\View->render()
#2 /home/ezzycreative/workspace/php/ezzycreative-web/vendor/codeigniter4/framework/system/Common.php(1089): CodeIgniter\View\View->render()
#3 /home/ezzycreative/workspace/php/ezzycreative-web/app/Controllers/Home.php(10): view()
#4 /home/ezzycreative/workspace/php/ezzycreative-web/vendor/codeigniter4/framework/system/CodeIgniter.php(832): App\Controllers\Home->index()
#5 /home/ezzycreative/workspace/php/ezzycreative-web/vendor/codeigniter4/framework/system/CodeIgniter.php(419): CodeIgniter\CodeIgniter->runController()
#6 /home/ezzycreative/workspace/php/ezzycreative-web/vendor/codeigniter4/framework/system/CodeIgniter.php(326): CodeIgniter\CodeIgniter->handleRequest()
#7 /home/ezzycreative/workspace/php/ezzycreative-web/public/index.php(37): CodeIgniter\CodeIgniter->run()
#8 /home/ezzycreative/workspace/php/ezzycreative-web/vendor/codeigniter4/framework/system/Commands/Server/rewrite.php(43): require_once('...')
#9 {main}
CRITICAL - 2022-05-31 21:52:58 --> Invalid file: footer.php
#0 /home/ezzycreative/workspace/php/ezzycreative-web/vendor/codeigniter4/framework/system/View/View.php(198): CodeIgniter\Exceptions\FrameworkException::forInvalidFile()
#1 /home/ezzycreative/workspace/php/ezzycreative-web/vendor/codeigniter4/framework/system/View/View.php(226): CodeIgniter\View\View->render()
#2 /home/ezzycreative/workspace/php/ezzycreative-web/vendor/codeigniter4/framework/system/Common.php(1089): CodeIgniter\View\View->render()
#3 /home/ezzycreative/workspace/php/ezzycreative-web/app/Controllers/Home.php(10): view()
#4 /home/ezzycreative/workspace/php/ezzycreative-web/vendor/codeigniter4/framework/system/CodeIgniter.php(832): App\Controllers\Home->index()
#5 /home/ezzycreative/workspace/php/ezzycreative-web/vendor/codeigniter4/framework/system/CodeIgniter.php(419): CodeIgniter\CodeIgniter->runController()
#6 /home/ezzycreative/workspace/php/ezzycreative-web/vendor/codeigniter4/framework/system/CodeIgniter.php(326): CodeIgniter\CodeIgniter->handleRequest()
#7 /home/ezzycreative/workspace/php/ezzycreative-web/public/index.php(37): CodeIgniter\CodeIgniter->run()
#8 /home/ezzycreative/workspace/php/ezzycreative-web/vendor/codeigniter4/framework/system/Commands/Server/rewrite.php(43): require_once('...')
#9 {main}
CRITICAL - 2022-05-31 21:52:58 --> Invalid file: footer.php
#0 /home/ezzycreative/workspace/php/ezzycreative-web/vendor/codeigniter4/framework/system/View/View.php(198): CodeIgniter\Exceptions\FrameworkException::forInvalidFile()
#1 /home/ezzycreative/workspace/php/ezzycreative-web/vendor/codeigniter4/framework/system/View/View.php(226): CodeIgniter\View\View->render()
#2 /home/ezzycreative/workspace/php/ezzycreative-web/vendor/codeigniter4/framework/system/Common.php(1089): CodeIgniter\View\View->render()
#3 /home/ezzycreative/workspace/php/ezzycreative-web/app/Controllers/Home.php(10): view()
#4 /home/ezzycreative/workspace/php/ezzycreative-web/vendor/codeigniter4/framework/system/CodeIgniter.php(832): App\Controllers\Home->index()
#5 /home/ezzycreative/workspace/php/ezzycreative-web/vendor/codeigniter4/framework/system/CodeIgniter.php(419): CodeIgniter\CodeIgniter->runController()
#6 /home/ezzycreative/workspace/php/ezzycreative-web/vendor/codeigniter4/framework/system/CodeIgniter.php(326): CodeIgniter\CodeIgniter->handleRequest()
#7 /home/ezzycreative/workspace/php/ezzycreative-web/public/index.php(37): CodeIgniter\CodeIgniter->run()
#8 /home/ezzycreative/workspace/php/ezzycreative-web/vendor/codeigniter4/framework/system/Commands/Server/rewrite.php(43): require_once('...')
#9 {main}
CRITICAL - 2022-05-31 21:52:58 --> Invalid file: footer.php
#0 /home/ezzycreative/workspace/php/ezzycreative-web/vendor/codeigniter4/framework/system/View/View.php(198): CodeIgniter\Exceptions\FrameworkException::forInvalidFile()
#1 /home/ezzycreative/workspace/php/ezzycreative-web/vendor/codeigniter4/framework/system/View/View.php(226): CodeIgniter\View\View->render()
#2 /home/ezzycreative/workspace/php/ezzycreative-web/vendor/codeigniter4/framework/system/Common.php(1089): CodeIgniter\View\View->render()
#3 /home/ezzycreative/workspace/php/ezzycreative-web/app/Controllers/Home.php(10): view()
#4 /home/ezzycreative/workspace/php/ezzycreative-web/vendor/codeigniter4/framework/system/CodeIgniter.php(832): App\Controllers\Home->index()
#5 /home/ezzycreative/workspace/php/ezzycreative-web/vendor/codeigniter4/framework/system/CodeIgniter.php(419): CodeIgniter\CodeIgniter->runController()
#6 /home/ezzycreative/workspace/php/ezzycreative-web/vendor/codeigniter4/framework/system/CodeIgniter.php(326): CodeIgniter\CodeIgniter->handleRequest()
#7 /home/ezzycreative/workspace/php/ezzycreative-web/public/index.php(37): CodeIgniter\CodeIgniter->run()
#8 /home/ezzycreative/workspace/php/ezzycreative-web/vendor/codeigniter4/framework/system/Commands/Server/rewrite.php(43): require_once('...')
#9 {main}
